<?xml version="1.0" encoding="UTF-8"?>
<!-- Generated by org.testng.reporters.JUnitXMLReporter -->
<testsuite ignored="0" hostname="IBM-FSXQB54" failures="1" tests="2" name="LoginTest" time="36.714" errors="0" timestamp="2025-03-18T16:58:44 IST">
  <testcase classname="com.makemytrip.pom.tests.logintest" name="testLogin" time="11.28">
    <failure type="java.lang.AssertionError" message="Password field did not appear after clicking continue button.">
      <![CDATA[java.lang.AssertionError: Password field did not appear after clicking continue button.
at com.makemytrip.pom.pages.loginpage.enterUsername(loginpage.java:50)
at com.makemytrip.pom.tests.logintest.testLogin(logintest.java:47)
at java.base/java.util.ArrayList.forEach(ArrayList.java:1597)
... Removed 26 stack frames]]>
    </failure>
  </testcase> <!-- testLogin -->
  <testcase classname="com.makemytrip.pom.tests.FlightSearchTest" name="testFlightSearch" time="3.487"/>
</testsuite> <!-- LoginTest -->
