<?xml version="1.0" encoding="UTF-8"?>
<testng-results ignored="0" total="2" passed="1" failed="1" skipped="0">
  <reporter-output>
  </reporter-output>
  <suite started-at="2025-03-18T16:58:08 IST" name="Suite" finished-at="2025-03-18T16:58:44 IST" duration-ms="36714">
    <groups>
      <group name="flight">
        <method signature="FlightSearchTest.testFlightSearch()[pri:0, instance:com.makemytrip.pom.tests.FlightSearchTest@22fcf7ab]" name="testFlightSearch" class="com.makemytrip.pom.tests.FlightSearchTest"/>
      </group> <!-- flight -->
      <group name="login">
        <method signature="logintest.testLogin()[pri:0, instance:com.makemytrip.pom.tests.logintest@ae13544]" name="testLogin" class="com.makemytrip.pom.tests.logintest"/>
      </group> <!-- login -->
    </groups>
    <test started-at="2025-03-18T16:58:08 IST" name="LoginTest" finished-at="2025-03-18T16:58:44 IST" duration-ms="36714">
      <class name="com.makemytrip.pom.tests.FlightSearchTest">
        <test-method is-config="true" signature="setup()[pri:0, instance:com.makemytrip.pom.tests.FlightSearchTest@22fcf7ab]" started-at="2025-03-18T16:58:31 IST" name="setup" finished-at="2025-03-18T16:58:39 IST" duration-ms="8382" status="PASS">
          <reporter-output>
          </reporter-output>
        </test-method> <!-- setup -->
        <test-method signature="testFlightSearch()[pri:0, instance:com.makemytrip.pom.tests.FlightSearchTest@22fcf7ab]" started-at="2025-03-18T16:58:39 IST" name="testFlightSearch" finished-at="2025-03-18T16:58:43 IST" duration-ms="3487" status="PASS">
          <reporter-output>
          </reporter-output>
        </test-method> <!-- testFlightSearch -->
        <test-method is-config="true" signature="teardown()[pri:0, instance:com.makemytrip.pom.tests.FlightSearchTest@22fcf7ab]" started-at="2025-03-18T16:58:43 IST" name="teardown" finished-at="2025-03-18T16:58:44 IST" duration-ms="1607" status="PASS">
          <reporter-output>
          </reporter-output>
        </test-method> <!-- teardown -->
      </class> <!-- com.makemytrip.pom.tests.FlightSearchTest -->
      <class name="com.makemytrip.pom.tests.logintest">
        <test-method is-config="true" signature="setup()[pri:0, instance:com.makemytrip.pom.tests.logintest@ae13544]" started-at="2025-03-18T16:58:08 IST" name="setup" finished-at="2025-03-18T16:58:18 IST" duration-ms="10202" status="PASS">
          <reporter-output>
          </reporter-output>
        </test-method> <!-- setup -->
        <test-method signature="testLogin()[pri:0, instance:com.makemytrip.pom.tests.logintest@ae13544]" started-at="2025-03-18T16:58:18 IST" name="testLogin" finished-at="2025-03-18T16:58:29 IST" duration-ms="11280" status="FAIL">
          <exception class="java.lang.AssertionError">
            <message>
              <![CDATA[Password field did not appear after clicking continue button.]]>
            </message>
            <full-stacktrace>
              <![CDATA[java.lang.AssertionError: Password field did not appear after clicking continue button.
at org.testng.Assert.fail(Assert.java:111)
at com.makemytrip.pom.pages.loginpage.enterUsername(loginpage.java:50)
at com.makemytrip.pom.tests.logintest.testLogin(logintest.java:47)
at java.base/jdk.internal.reflect.DirectMethodHandleAccessor.invoke(DirectMethodHandleAccessor.java:103)
at java.base/java.lang.reflect.Method.invoke(Method.java:580)
at org.testng.internal.invokers.MethodInvocationHelper.invokeMethod(MethodInvocationHelper.java:141)
at org.testng.internal.invokers.TestInvoker.invokeMethod(TestInvoker.java:687)
at org.testng.internal.invokers.TestInvoker.invokeTestMethod(TestInvoker.java:230)
at org.testng.internal.invokers.MethodRunner.runInSequence(MethodRunner.java:63)
at org.testng.internal.invokers.TestInvoker$MethodInvocationAgent.invoke(TestInvoker.java:995)
at org.testng.internal.invokers.TestInvoker.invokeTestMethods(TestInvoker.java:203)
at org.testng.internal.invokers.TestMethodWorker.invokeTestMethods(TestMethodWorker.java:154)
at org.testng.internal.invokers.TestMethodWorker.run(TestMethodWorker.java:134)
at java.base/java.util.ArrayList.forEach(ArrayList.java:1597)
at org.testng.TestRunner.privateRun(TestRunner.java:741)
at org.testng.TestRunner.run(TestRunner.java:616)
at org.testng.SuiteRunner.runTest(SuiteRunner.java:421)
at org.testng.SuiteRunner.runSequentially(SuiteRunner.java:413)
at org.testng.SuiteRunner.privateRun(SuiteRunner.java:373)
at org.testng.SuiteRunner.run(SuiteRunner.java:312)
at org.testng.SuiteRunnerWorker.runSuite(SuiteRunnerWorker.java:52)
at org.testng.SuiteRunnerWorker.run(SuiteRunnerWorker.java:95)
at org.testng.TestNG.runSuitesSequentially(TestNG.java:1274)
at org.testng.TestNG.runSuitesLocally(TestNG.java:1208)
at org.testng.TestNG.runSuites(TestNG.java:1112)
at org.testng.TestNG.run(TestNG.java:1079)
at org.testng.remote.AbstractRemoteTestNG.run(AbstractRemoteTestNG.java:115)
at org.testng.remote.RemoteTestNG.initAndRun(RemoteTestNG.java:293)
at org.testng.remote.RemoteTestNG.main(RemoteTestNG.java:91)
]]>
            </full-stacktrace>
          </exception> <!-- java.lang.AssertionError -->
          <reporter-output>
          </reporter-output>
        </test-method> <!-- testLogin -->
        <test-method is-config="true" signature="teardown()[pri:0, instance:com.makemytrip.pom.tests.logintest@ae13544]" started-at="2025-03-18T16:58:29 IST" name="teardown" finished-at="2025-03-18T16:58:31 IST" duration-ms="1634" status="PASS">
          <reporter-output>
          </reporter-output>
        </test-method> <!-- teardown -->
      </class> <!-- com.makemytrip.pom.tests.logintest -->
    </test> <!-- LoginTest -->
  </suite> <!-- Suite -->
</testng-results>
